Build started 2015-05-22 09:00:16.
     1>Project "C:\Users\User\Documents\Visual Studio 2013\Projects\klasy 2 JMP 2\klasy 2 JMP 2\klasy 2 JMP 2.vcxproj" on node 2 (Build target(s)).
     1>ClCompile:
         C:\Program Files (x86)\Microsoft Visual Studio 12.0\VC\bin\CL.exe /c /Zi /nologo /W3 /WX- /O2 /Oi /Oy- /GL /D WIN32 /D NDEBUG /D _CONSOLE /D _LIB /D _UNICODE /D UNICODE /Gm- /EHsc /MD /GS /Gy /fp:precise /Zc:wchar_t /Zc:forScope /Fo"Release\\" /Fd"Release\vc120.pdb" /Gd /TP /analyze- /errorReport:prompt complex.cpp DTab.cpp main.cpp Matrix.cpp Punkt.cpp Punkt3D.cpp
         complex.cpp
         DTab.cpp
         main.cpp
         Matrix.cpp
         Punkt.cpp
         Punkt3D.cpp
       Link:
         C:\Program Files (x86)\Microsoft Visual Studio 12.0\VC\bin\link.exe /ERRORREPORT:PROMPT /OUT:"C:\Users\User\Documents\Visual Studio 2013\Projects\klasy 2 JMP 2\Release\klasy 2 JMP 2.exe" /INCREMENTAL:NO /NOLOGO kernel32.lib user32.lib gdi32.lib winspool.lib comdlg32.lib advapi32.lib shell32.lib ole32.lib oleaut32.lib uuid.lib odbc32.lib odbccp32.lib /MANIFEST /MANIFESTUAC:"level='asInvoker' uiAccess='false'" /manifest:embed /DEBUG /PDB:"C:\Users\User\Documents\Visual Studio 2013\Projects\klasy 2 JMP 2\Release\klasy 2 JMP 2.pdb" /SUBSYSTEM:CONSOLE /OPT:REF /OPT:ICF /LTCG /TLBID:1 /DYNAMICBASE /NXCOMPAT /IMPLIB:"C:\Users\User\Documents\Visual Studio 2013\Projects\klasy 2 JMP 2\Release\klasy 2 JMP 2.lib" /MACHINE:X86 /SAFESEH Release\complex.obj
         Release\DTab.obj
         Release\Dziecko.obj
         Release\main.obj
         Release\Marsjanin.obj
         Release\Matrix.obj
         Release\MyList.obj
         Release\MyNode.obj
         Release\Punkt.obj
         Release\Punkt3D.obj
         Release\Rodzic.obj
         Generating code
         Finished generating code
         klasy 2 JMP 2.vcxproj -> C:\Users\User\Documents\Visual Studio 2013\Projects\klasy 2 JMP 2\Release\klasy 2 JMP 2.exe
     1>Done Building Project "C:\Users\User\Documents\Visual Studio 2013\Projects\klasy 2 JMP 2\klasy 2 JMP 2\klasy 2 JMP 2.vcxproj" (Build target(s)).

Build succeeded.

Time Elapsed 00:00:19.11
